Flow report for AA2380-MAXV_TSTQ9
Wed Feb 14 14:38:47 2024
Quartus II Version 9.1 Build 350 03/24/2010 Service Pack 2 SJ Web Edition


---------------------
; Table of Contents ;
---------------------
  1. Legal Notice
  2. Flow Summary
  3. Flow Settings
  4. Flow Non-Default Global Settings
  5. Flow Elapsed Time
  6. Flow OS Summary
  7. Flow Log



----------------
; Legal Notice ;
----------------
Copyright (C) 1991-2010 Altera Corporation
Your use of Altera Corporation's design tools, logic functions 
and other software and tools, and its AMPP partner logic 
functions, and any output files from any of the foregoing 
(including device programming or simulation files), and any 
associated documentation or information are expressly subject 
to the terms and conditions of the Altera Program License 
Subscription Agreement, Altera MegaCore Function License 
Agreement, or other applicable license agreement, including, 
without limitation, that your use is for the sole purpose of 
programming logic devices manufactured by Altera and sold by 
Altera or its authorized distributors.  Please refer to the 
applicable agreement for further details.



+------------------------------------------------------------------------+
; Flow Summary                                                           ;
+-------------------------+----------------------------------------------+
; Flow Status             ; Successful - Wed Feb 14 14:38:47 2024        ;
; Quartus II Version      ; 9.1 Build 350 03/24/2010 SP 2 SJ Web Edition ;
; Revision Name           ; AA2380-MAXV_TSTQ9                            ;
; Top-level Entity Name   ; F00_TestADC                                  ;
; Family                  ; MAX II                                       ;
; Device                  ; EPM2210F324C3                                ;
; Timing Models           ; Final                                        ;
; Met timing requirements ; No                                           ;
; Total logic elements    ; 331 / 2,210 ( 15 % )                         ;
; Total pins              ; 159 / 272 ( 58 % )                           ;
; Total virtual pins      ; 0                                            ;
; UFM blocks              ; 0 / 1 ( 0 % )                                ;
+-------------------------+----------------------------------------------+


+-----------------------------------------+
; Flow Settings                           ;
+-------------------+---------------------+
; Option            ; Setting             ;
+-------------------+---------------------+
; Start date & time ; 02/14/2024 14:38:36 ;
; Main task         ; Compilation         ;
; Revision Name     ; AA2380-MAXV_TSTQ9   ;
+-------------------+---------------------+


+-----------------------------------------------------------------------------------------------------------------------+
; Flow Non-Default Global Settings                                                                                      ;
+---------------------------------------+--------------------------------+-------------------+-------------+------------+
; Assignment Name                       ; Value                          ; Default Value     ; Entity Name ; Section Id ;
+---------------------------------------+--------------------------------+-------------------+-------------+------------+
; COMPILER_SIGNATURE_ID                 ; 92668497786263.170791791620908 ; --                ; --          ; --         ;
; MAX_CORE_JUNCTION_TEMP                ; 85                             ; --                ; --          ; --         ;
; MIN_CORE_JUNCTION_TEMP                ; 0                              ; --                ; --          ; --         ;
; PARTITION_COLOR                       ; 16764057                       ; --                ; F00_TestADC ; Top        ;
; PARTITION_NETLIST_TYPE                ; SOURCE                         ; --                ; F00_TestADC ; Top        ;
; POWER_EXT_SUPPLY_VOLTAGE_TO_REGULATOR ; 3.3V                           ; --                ; --          ; --         ;
; TOP_LEVEL_ENTITY                      ; F00_TestADC                    ; AA2380-MAXV_TSTQ9 ; --          ; --         ;
+---------------------------------------+--------------------------------+-------------------+-------------+------------+


+-----------------------------------------------------------------------------------------------------------------------------+
; Flow Elapsed Time                                                                                                           ;
+-------------------------+--------------+-------------------------+---------------------+------------------------------------+
; Module Name             ; Elapsed Time ; Average Processors Used ; Peak Virtual Memory ; Total CPU Time (on all processors) ;
+-------------------------+--------------+-------------------------+---------------------+------------------------------------+
; Analysis & Synthesis    ; 00:00:02     ; 1.0                     ; 238 MB              ; 00:00:04                           ;
; Fitter                  ; 00:00:03     ; 1.0                     ; 194 MB              ; 00:00:10                           ;
; Assembler               ; 00:00:01     ; 1.0                     ; 179 MB              ; 00:00:00                           ;
; Classic Timing Analyzer ; 00:00:01     ; 1.0                     ; 149 MB              ; 00:00:02                           ;
; Total                   ; 00:00:07     ; --                      ; --                  ; 00:00:16                           ;
+-------------------------+--------------+-------------------------+---------------------+------------------------------------+


+------------------------------------------------------------------------------------------+
; Flow OS Summary                                                                          ;
+-------------------------+------------------+---------------+------------+----------------+
; Module Name             ; Machine Hostname ; OS Name       ; OS Version ; Processor type ;
+-------------------------+------------------+---------------+------------+----------------+
; Analysis & Synthesis    ; ON-PC-4          ; Windows Vista ; 6.2        ; x86_64         ;
; Fitter                  ; ON-PC-4          ; Windows Vista ; 6.2        ; x86_64         ;
; Assembler               ; ON-PC-4          ; Windows Vista ; 6.2        ; x86_64         ;
; Classic Timing Analyzer ; ON-PC-4          ; Windows Vista ; 6.2        ; x86_64         ;
+-------------------------+------------------+---------------+------------+----------------+


------------
; Flow Log ;
------------
quartus_map --read_settings_files=on --write_settings_files=off AA2380_MAXV -c AA2380-MAXV_TSTQ9
quartus_fit --read_settings_files=off --write_settings_files=off AA2380_MAXV -c AA2380-MAXV_TSTQ9
quartus_asm --read_settings_files=off --write_settings_files=off AA2380_MAXV -c AA2380-MAXV_TSTQ9
quartus_tan --read_settings_files=off --write_settings_files=off AA2380_MAXV -c AA2380-MAXV_TSTQ9



