Classic Timing Analyzer report for AA2380-MAXV_TSTQ9
Fri Apr 11 14:49:13 2025
Quartus II Version 9.1 Build 350 03/24/2010 Service Pack 2 SJ Web Edition


---------------------
; Table of Contents ;
---------------------
  1. Legal Notice
  2. Timing Analyzer Summary
  3. Timing Analyzer Settings
  4. Clock Settings Summary
  5. Parallel Compilation
  6. Clock Setup: 'CLKIN'
  7. tco
  8. Timing Analyzer Messages



----------------
; Legal Notice ;
----------------
Copyright (C) 1991-2010 Altera Corporation
Your use of Altera Corporation's design tools, logic functions 
and other software and tools, and its AMPP partner logic 
functions, and any output files from any of the foregoing 
(including device programming or simulation files), and any 
associated documentation or information are expressly subject 
to the terms and conditions of the Altera Program License 
Subscription Agreement, Altera MegaCore Function License 
Agreement, or other applicable license agreement, including, 
without limitation, that your use is for the sole purpose of 
programming logic devices manufactured by Altera and sold by 
Altera or its authorized distributors.  Please refer to the 
applicable agreement for further details.



+-----------------------------------------------------------------------------------------------------------------------------------------------------------+
; Timing Analyzer Summary                                                                                                                                   ;
+------------------------------+-------+---------------+----------------------------------+------------+-------------+------------+----------+--------------+
; Type                         ; Slack ; Required Time ; Actual Time                      ; From       ; To          ; From Clock ; To Clock ; Failed Paths ;
+------------------------------+-------+---------------+----------------------------------+------------+-------------+------------+----------+--------------+
; Worst-case tco               ; N/A   ; None          ; 8.351 ns                         ; READY~reg0 ; READY       ; CLKIN      ; --       ; 0            ;
; Clock Setup: 'CLKIN'         ; N/A   ; None          ; 174.49 MHz ( period = 5.731 ns ) ; slowcnt[3] ; slowcnt[13] ; CLKIN      ; CLKIN    ; 0            ;
; Total number of failed paths ;       ;               ;                                  ;            ;             ;            ;          ; 0            ;
+------------------------------+-------+---------------+----------------------------------+------------+-------------+------------+----------+--------------+


+-----------------------------------------------------------------------------------------------------------------------------------------------------+
; Timing Analyzer Settings                                                                                                                            ;
+------------------------------------------------------------------------------------------------------+--------------------+------+----+-------------+
; Option                                                                                               ; Setting            ; From ; To ; Entity Name ;
+------------------------------------------------------------------------------------------------------+--------------------+------+----+-------------+
; Device Name                                                                                          ; EPM2210F324C3      ;      ;    ;             ;
; Timing Models                                                                                        ; Final              ;      ;    ;             ;
; Default hold multicycle                                                                              ; Same as Multicycle ;      ;    ;             ;
; Cut paths between unrelated clock domains                                                            ; On                 ;      ;    ;             ;
; Cut off read during write signal paths                                                               ; On                 ;      ;    ;             ;
; Cut off feedback from I/O pins                                                                       ; On                 ;      ;    ;             ;
; Report Combined Fast/Slow Timing                                                                     ; Off                ;      ;    ;             ;
; Ignore Clock Settings                                                                                ; Off                ;      ;    ;             ;
; Analyze latches as synchronous elements                                                              ; On                 ;      ;    ;             ;
; Enable Recovery/Removal analysis                                                                     ; Off                ;      ;    ;             ;
; Enable Clock Latency                                                                                 ; Off                ;      ;    ;             ;
; Use TimeQuest Timing Analyzer                                                                        ; Off                ;      ;    ;             ;
; Minimum Core Junction Temperature                                                                    ; 0                  ;      ;    ;             ;
; Maximum Core Junction Temperature                                                                    ; 85                 ;      ;    ;             ;
; Number of source nodes to report per destination node                                                ; 10                 ;      ;    ;             ;
; Number of destination nodes to report                                                                ; 10                 ;      ;    ;             ;
; Number of paths to report                                                                            ; 200                ;      ;    ;             ;
; Report Minimum Timing Checks                                                                         ; Off                ;      ;    ;             ;
; Use Fast Timing Models                                                                               ; Off                ;      ;    ;             ;
; Report IO Paths Separately                                                                           ; Off                ;      ;    ;             ;
; Perform Multicorner Analysis                                                                         ; Off                ;      ;    ;             ;
; Reports the worst-case path for each clock domain and analysis                                       ; Off                ;      ;    ;             ;
; Reports worst-case timing paths for each clock domain and analysis                                   ; On                 ;      ;    ;             ;
; Specifies the maximum number of worst-case timing paths to report for each clock domain and analysis ; 100                ;      ;    ;             ;
; Removes common clock path pessimism (CCPP) during slack computation                                  ; Off                ;      ;    ;             ;
; Output I/O Timing Endpoint                                                                           ; Near End           ;      ;    ;             ;
+------------------------------------------------------------------------------------------------------+--------------------+------+----+-------------+


+------------------------------------------------------------------------------------------------------------------------------------------------------------------------------------+
; Clock Settings Summary                                                                                                                                                             ;
+-----------------+--------------------+----------+------------------+---------------+--------------+----------+-----------------------+---------------------+--------+--------------+
; Clock Node Name ; Clock Setting Name ; Type     ; Fmax Requirement ; Early Latency ; Late Latency ; Based on ; Multiply Base Fmax by ; Divide Base Fmax by ; Offset ; Phase offset ;
+-----------------+--------------------+----------+------------------+---------------+--------------+----------+-----------------------+---------------------+--------+--------------+
; CLKIN           ;                    ; User Pin ; None             ; 0.000 ns      ; 0.000 ns     ; --       ; N/A                   ; N/A                 ; N/A    ;              ;
+-----------------+--------------------+----------+------------------+---------------+--------------+----------+-----------------------+---------------------+--------+--------------+


Parallel compilation was disabled, but you have multiple processors available. Enable parallel compilation to reduce compilation time.
+-------------------------------------+
; Parallel Compilation                ;
+----------------------------+--------+
; Processors                 ; Number ;
+----------------------------+--------+
; Number detected on machine ; 4      ;
; Maximum allowed            ; 1      ;
+----------------------------+--------+


+----------------------------------------------------------------------------------------------------------------------------------------------------------------------------------------------------------------------------------------+
; Clock Setup: 'CLKIN'                                                                                                                                                                                                                   ;
+-----------------------------------------+-----------------------------------------------------+-------------+--------------+------------+----------+-----------------------------+---------------------------+-------------------------+
; Slack                                   ; Actual fmax (period)                                ; From        ; To           ; From Clock ; To Clock ; Required Setup Relationship ; Required Longest P2P Time ; Actual Longest P2P Time ;
+-----------------------------------------+-----------------------------------------------------+-------------+--------------+------------+----------+-----------------------------+---------------------------+-------------------------+
; N/A                                     ; 174.49 MHz ( period = 5.731 ns )                    ; slowcnt[3]  ; slowcnt[13]  ; CLKIN      ; CLKIN    ; None                        ; None                      ; 5.288 ns                ;
; N/A                                     ; 177.09 MHz ( period = 5.647 ns )                    ; slowcnt[14] ; slowcnt[6]   ; CLKIN      ; CLKIN    ; None                        ; None                      ; 5.204 ns                ;
; N/A                                     ; 178.16 MHz ( period = 5.613 ns )                    ; slowcnt[13] ; slowcnt[6]   ; CLKIN      ; CLKIN    ; None                        ; None                      ; 5.170 ns                ;
; N/A                                     ; 178.51 MHz ( period = 5.602 ns )                    ; slowcnt[0]  ; slowcnt[13]  ; CLKIN      ; CLKIN    ; None                        ; None                      ; 5.159 ns                ;
; N/A                                     ; 179.63 MHz ( period = 5.567 ns )                    ; slowcnt[6]  ; slowcnt[13]  ; CLKIN      ; CLKIN    ; None                        ; None                      ; 5.124 ns                ;
; N/A                                     ; 180.54 MHz ( period = 5.539 ns )                    ; slowcnt[6]  ; slowcnt[6]   ; CLKIN      ; CLKIN    ; None                        ; None                      ; 5.096 ns                ;
; N/A                                     ; 181.65 MHz ( period = 5.505 ns )                    ; slowcnt[1]  ; slowcnt[13]  ; CLKIN      ; CLKIN    ; None                        ; None                      ; 5.062 ns                ;
; N/A                                     ; 182.48 MHz ( period = 5.480 ns )                    ; slowcnt[3]  ; slowcnt[19]  ; CLKIN      ; CLKIN    ; None                        ; None                      ; 5.037 ns                ;
; N/A                                     ; 183.49 MHz ( period = 5.450 ns )                    ; slowcnt[2]  ; slowcnt[13]  ; CLKIN      ; CLKIN    ; None                        ; None                      ; 5.007 ns                ;
; N/A                                     ; 183.72 MHz ( period = 5.443 ns )                    ; slowcnt[5]  ; slowcnt[13]  ; CLKIN      ; CLKIN    ; None                        ; None                      ; 5.000 ns                ;
; N/A                                     ; 184.13 MHz ( period = 5.431 ns )                    ; slowcnt[8]  ; slowcnt[13]  ; CLKIN      ; CLKIN    ; None                        ; None                      ; 4.988 ns                ;
; N/A                                     ; 184.43 MHz ( period = 5.422 ns )                    ; slowcnt[0]  ; slowcnt[6]   ; CLKIN      ; CLKIN    ; None                        ; None                      ; 4.979 ns                ;
; N/A                                     ; 185.05 MHz ( period = 5.404 ns )                    ; slowcnt[7]  ; slowcnt[6]   ; CLKIN      ; CLKIN    ; None                        ; None                      ; 4.961 ns                ;
; N/A                                     ; 185.53 MHz ( period = 5.390 ns )                    ; slowcnt[3]  ; slowcnt[14]  ; CLKIN      ; CLKIN    ; None                        ; None                      ; 4.947 ns                ;
; N/A                                     ; 186.78 MHz ( period = 5.354 ns )                    ; slowcnt[3]  ; slowcnt[10]  ; CLKIN      ; CLKIN    ; None                        ; None                      ; 4.911 ns                ;
; N/A                                     ; 186.88 MHz ( period = 5.351 ns )                    ; slowcnt[0]  ; slowcnt[19]  ; CLKIN      ; CLKIN    ; None                        ; None                      ; 4.908 ns                ;
; N/A                                     ; 188.04 MHz ( period = 5.318 ns )                    ; slowcnt[3]  ; slowcnt[15]  ; CLKIN      ; CLKIN    ; None                        ; None                      ; 4.875 ns                ;
; N/A                                     ; 188.11 MHz ( period = 5.316 ns )                    ; slowcnt[6]  ; slowcnt[19]  ; CLKIN      ; CLKIN    ; None                        ; None                      ; 4.873 ns                ;
; N/A                                     ; 188.39 MHz ( period = 5.308 ns )                    ; slowcnt[4]  ; slowcnt[13]  ; CLKIN      ; CLKIN    ; None                        ; None                      ; 4.865 ns                ;
; N/A                                     ; 188.96 MHz ( period = 5.292 ns )                    ; slowcnt[14] ; slowcnt[5]   ; CLKIN      ; CLKIN    ; None                        ; None                      ; 4.849 ns                ;
; N/A                                     ; 188.96 MHz ( period = 5.292 ns )                    ; slowcnt[14] ; slowcnt[7]   ; CLKIN      ; CLKIN    ; None                        ; None                      ; 4.849 ns                ;
; N/A                                     ; 189.11 MHz ( period = 5.288 ns )                    ; slowcnt[7]  ; slowcnt[13]  ; CLKIN      ; CLKIN    ; None                        ; None                      ; 4.845 ns                ;
; N/A                                     ; 189.18 MHz ( period = 5.286 ns )                    ; slowcnt[9]  ; slowcnt[13]  ; CLKIN      ; CLKIN    ; None                        ; None                      ; 4.843 ns                ;
; N/A                                     ; 189.21 MHz ( period = 5.285 ns )                    ; slowcnt[14] ; slowcnt[0]   ; CLKIN      ; CLKIN    ; None                        ; None                      ; 4.842 ns                ;
; N/A                                     ; 189.25 MHz ( period = 5.284 ns )                    ; slowcnt[14] ; slowcnt[8]   ; CLKIN      ; CLKIN    ; None                        ; None                      ; 4.841 ns                ;
; N/A                                     ; 189.29 MHz ( period = 5.283 ns )                    ; slowcnt[14] ; slowcnt[2]   ; CLKIN      ; CLKIN    ; None                        ; None                      ; 4.840 ns                ;
; N/A                                     ; 190.08 MHz ( period = 5.261 ns )                    ; slowcnt[0]  ; slowcnt[14]  ; CLKIN      ; CLKIN    ; None                        ; None                      ; 4.818 ns                ;
; N/A                                     ; 190.19 MHz ( period = 5.258 ns )                    ; slowcnt[13] ; slowcnt[5]   ; CLKIN      ; CLKIN    ; None                        ; None                      ; 4.815 ns                ;
; N/A                                     ; 190.19 MHz ( period = 5.258 ns )                    ; slowcnt[13] ; slowcnt[7]   ; CLKIN      ; CLKIN    ; None                        ; None                      ; 4.815 ns                ;
; N/A                                     ; 190.33 MHz ( period = 5.254 ns )                    ; slowcnt[1]  ; slowcnt[19]  ; CLKIN      ; CLKIN    ; None                        ; None                      ; 4.811 ns                ;
; N/A                                     ; 190.44 MHz ( period = 5.251 ns )                    ; slowcnt[13] ; slowcnt[0]   ; CLKIN      ; CLKIN    ; None                        ; None                      ; 4.808 ns                ;
; N/A                                     ; 190.48 MHz ( period = 5.250 ns )                    ; slowcnt[13] ; slowcnt[8]   ; CLKIN      ; CLKIN    ; None                        ; None                      ; 4.807 ns                ;
; N/A                                     ; 190.51 MHz ( period = 5.249 ns )                    ; slowcnt[13] ; slowcnt[2]   ; CLKIN      ; CLKIN    ; None                        ; None                      ; 4.806 ns                ;
; N/A                                     ; 190.62 MHz ( period = 5.246 ns )                    ; slowcnt[3]  ; slowcnt[17]  ; CLKIN      ; CLKIN    ; None                        ; None                      ; 4.803 ns                ;
; N/A                                     ; 191.35 MHz ( period = 5.226 ns )                    ; slowcnt[6]  ; slowcnt[14]  ; CLKIN      ; CLKIN    ; None                        ; None                      ; 4.783 ns                ;
; N/A                                     ; 191.39 MHz ( period = 5.225 ns )                    ; slowcnt[0]  ; slowcnt[10]  ; CLKIN      ; CLKIN    ; None                        ; None                      ; 4.782 ns                ;
; N/A                                     ; 192.05 MHz ( period = 5.207 ns )                    ; slowcnt[15] ; slowcnt[6]   ; CLKIN      ; CLKIN    ; None                        ; None                      ; 4.764 ns                ;
; N/A                                     ; 192.09 MHz ( period = 5.206 ns )                    ; slowcnt[13] ; slowcnt[19]  ; CLKIN      ; CLKIN    ; None                        ; None                      ; 4.763 ns                ;
; N/A                                     ; 192.23 MHz ( period = 5.202 ns )                    ; slowcnt[11] ; slowcnt[19]  ; CLKIN      ; CLKIN    ; None                        ; None                      ; 4.759 ns                ;
; N/A                                     ; 192.34 MHz ( period = 5.199 ns )                    ; slowcnt[2]  ; slowcnt[19]  ; CLKIN      ; CLKIN    ; None                        ; None                      ; 4.756 ns                ;
; N/A                                     ; 192.46 MHz ( period = 5.196 ns )                    ; slowcnt[14] ; slowcnt[19]  ; CLKIN      ; CLKIN    ; None                        ; None                      ; 4.753 ns                ;
; N/A                                     ; 192.60 MHz ( period = 5.192 ns )                    ; slowcnt[5]  ; slowcnt[19]  ; CLKIN      ; CLKIN    ; None                        ; None                      ; 4.749 ns                ;
; N/A                                     ; 192.68 MHz ( period = 5.190 ns )                    ; slowcnt[6]  ; slowcnt[10]  ; CLKIN      ; CLKIN    ; None                        ; None                      ; 4.747 ns                ;
; N/A                                     ; 192.72 MHz ( period = 5.189 ns )                    ; slowcnt[0]  ; slowcnt[15]  ; CLKIN      ; CLKIN    ; None                        ; None                      ; 4.746 ns                ;
; N/A                                     ; 192.90 MHz ( period = 5.184 ns )                    ; slowcnt[6]  ; slowcnt[5]   ; CLKIN      ; CLKIN    ; None                        ; None                      ; 4.741 ns                ;
; N/A                                     ; 192.90 MHz ( period = 5.184 ns )                    ; slowcnt[6]  ; slowcnt[7]   ; CLKIN      ; CLKIN    ; None                        ; None                      ; 4.741 ns                ;
; N/A                                     ; 193.05 MHz ( period = 5.180 ns )                    ; slowcnt[8]  ; slowcnt[19]  ; CLKIN      ; CLKIN    ; None                        ; None                      ; 4.737 ns                ;
; N/A                                     ; 193.16 MHz ( period = 5.177 ns )                    ; slowcnt[6]  ; slowcnt[0]   ; CLKIN      ; CLKIN    ; None                        ; None                      ; 4.734 ns                ;
; N/A                                     ; 193.20 MHz ( period = 5.176 ns )                    ; slowcnt[6]  ; slowcnt[8]   ; CLKIN      ; CLKIN    ; None                        ; None                      ; 4.733 ns                ;
; N/A                                     ; 193.24 MHz ( period = 5.175 ns )                    ; slowcnt[6]  ; slowcnt[2]   ; CLKIN      ; CLKIN    ; None                        ; None                      ; 4.732 ns                ;
; N/A                                     ; 193.39 MHz ( period = 5.171 ns )                    ; slowcnt[10] ; slowcnt[6]   ; CLKIN      ; CLKIN    ; None                        ; None                      ; 4.728 ns                ;
; N/A                                     ; 193.65 MHz ( period = 5.164 ns )                    ; slowcnt[1]  ; slowcnt[14]  ; CLKIN      ; CLKIN    ; None                        ; None                      ; 4.721 ns                ;
; N/A                                     ; 194.02 MHz ( period = 5.154 ns )                    ; slowcnt[6]  ; slowcnt[15]  ; CLKIN      ; CLKIN    ; None                        ; None                      ; 4.711 ns                ;
; N/A                                     ; 195.01 MHz ( period = 5.128 ns )                    ; slowcnt[1]  ; slowcnt[10]  ; CLKIN      ; CLKIN    ; None                        ; None                      ; 4.685 ns                ;
; N/A                                     ; 195.12 MHz ( period = 5.125 ns )                    ; slowcnt[3]  ; slowcnt[12]  ; CLKIN      ; CLKIN    ; None                        ; None                      ; 4.682 ns                ;
; N/A                                     ; 195.27 MHz ( period = 5.121 ns )                    ; slowcnt[3]  ; slowcnt[6]   ; CLKIN      ; CLKIN    ; None                        ; None                      ; 4.678 ns                ;
; N/A                                     ; 195.43 MHz ( period = 5.117 ns )                    ; slowcnt[0]  ; slowcnt[17]  ; CLKIN      ; CLKIN    ; None                        ; None                      ; 4.674 ns                ;
; N/A                                     ; 195.62 MHz ( period = 5.112 ns )                    ; slowcnt[10] ; slowcnt[19]  ; CLKIN      ; CLKIN    ; None                        ; None                      ; 4.669 ns                ;
; N/A                                     ; 195.73 MHz ( period = 5.109 ns )                    ; slowcnt[2]  ; slowcnt[14]  ; CLKIN      ; CLKIN    ; None                        ; None                      ; 4.666 ns                ;
; N/A                                     ; 195.92 MHz ( period = 5.104 ns )                    ; slowcnt[11] ; slowcnt[13]  ; CLKIN      ; CLKIN    ; None                        ; None                      ; 4.661 ns                ;
; N/A                                     ; 196.00 MHz ( period = 5.102 ns )                    ; slowcnt[5]  ; slowcnt[14]  ; CLKIN      ; CLKIN    ; None                        ; None                      ; 4.659 ns                ;
; N/A                                     ; 196.08 MHz ( period = 5.100 ns )                    ; slowcnt[3]  ; slowcnt[16]  ; CLKIN      ; CLKIN    ; None                        ; None                      ; 4.657 ns                ;
; N/A                                     ; 196.39 MHz ( period = 5.092 ns )                    ; slowcnt[1]  ; slowcnt[15]  ; CLKIN      ; CLKIN    ; None                        ; None                      ; 4.649 ns                ;
; N/A                                     ; 196.46 MHz ( period = 5.090 ns )                    ; slowcnt[8]  ; slowcnt[14]  ; CLKIN      ; CLKIN    ; None                        ; None                      ; 4.647 ns                ;
; N/A                                     ; 196.77 MHz ( period = 5.082 ns )                    ; slowcnt[6]  ; slowcnt[17]  ; CLKIN      ; CLKIN    ; None                        ; None                      ; 4.639 ns                ;
; N/A                                     ; 197.12 MHz ( period = 5.073 ns )                    ; slowcnt[2]  ; slowcnt[10]  ; CLKIN      ; CLKIN    ; None                        ; None                      ; 4.630 ns                ;
; N/A                                     ; 197.36 MHz ( period = 5.067 ns )                    ; slowcnt[0]  ; slowcnt[5]   ; CLKIN      ; CLKIN    ; None                        ; None                      ; 4.624 ns                ;
; N/A                                     ; 197.36 MHz ( period = 5.067 ns )                    ; slowcnt[0]  ; slowcnt[7]   ; CLKIN      ; CLKIN    ; None                        ; None                      ; 4.624 ns                ;
; N/A                                     ; 197.39 MHz ( period = 5.066 ns )                    ; slowcnt[5]  ; slowcnt[10]  ; CLKIN      ; CLKIN    ; None                        ; None                      ; 4.623 ns                ;
; N/A                                     ; 197.63 MHz ( period = 5.060 ns )                    ; slowcnt[0]  ; slowcnt[0]   ; CLKIN      ; CLKIN    ; None                        ; None                      ; 4.617 ns                ;
; N/A                                     ; 197.67 MHz ( period = 5.059 ns )                    ; slowcnt[0]  ; slowcnt[8]   ; CLKIN      ; CLKIN    ; None                        ; None                      ; 4.616 ns                ;
; N/A                                     ; 197.71 MHz ( period = 5.058 ns )                    ; slowcnt[0]  ; slowcnt[2]   ; CLKIN      ; CLKIN    ; None                        ; None                      ; 4.615 ns                ;
; N/A                                     ; 197.75 MHz ( period = 5.057 ns )                    ; slowcnt[4]  ; slowcnt[19]  ; CLKIN      ; CLKIN    ; None                        ; None                      ; 4.614 ns                ;
; N/A                                     ; 197.86 MHz ( period = 5.054 ns )                    ; slowcnt[8]  ; slowcnt[10]  ; CLKIN      ; CLKIN    ; None                        ; None                      ; 4.611 ns                ;
; N/A                                     ; 198.02 MHz ( period = 5.050 ns )                    ; slowcnt[3]  ; slowcnt[11]  ; CLKIN      ; CLKIN    ; None                        ; None                      ; 4.607 ns                ;
; N/A                                     ; 198.06 MHz ( period = 5.049 ns )                    ; slowcnt[7]  ; slowcnt[5]   ; CLKIN      ; CLKIN    ; None                        ; None                      ; 4.606 ns                ;
; N/A                                     ; 198.06 MHz ( period = 5.049 ns )                    ; slowcnt[11] ; slowcnt[6]   ; CLKIN      ; CLKIN    ; None                        ; None                      ; 4.606 ns                ;
; N/A                                     ; 198.06 MHz ( period = 5.049 ns )                    ; slowcnt[7]  ; slowcnt[7]   ; CLKIN      ; CLKIN    ; None                        ; None                      ; 4.606 ns                ;
; N/A                                     ; 198.26 MHz ( period = 5.044 ns )                    ; slowcnt[13] ; slowcnt[15]  ; CLKIN      ; CLKIN    ; None                        ; None                      ; 4.601 ns                ;
; N/A                                     ; 198.29 MHz ( period = 5.043 ns )                    ; slowcnt[3]  ; slowcnt[4]   ; CLKIN      ; CLKIN    ; None                        ; None                      ; 4.600 ns                ;
; N/A                                     ; 198.33 MHz ( period = 5.042 ns )                    ; slowcnt[7]  ; slowcnt[0]   ; CLKIN      ; CLKIN    ; None                        ; None                      ; 4.599 ns                ;
; N/A                                     ; 198.37 MHz ( period = 5.041 ns )                    ; slowcnt[7]  ; slowcnt[8]   ; CLKIN      ; CLKIN    ; None                        ; None                      ; 4.598 ns                ;
; N/A                                     ; 198.41 MHz ( period = 5.040 ns )                    ; slowcnt[7]  ; slowcnt[2]   ; CLKIN      ; CLKIN    ; None                        ; None                      ; 4.597 ns                ;
; N/A                                     ; 198.41 MHz ( period = 5.040 ns )                    ; slowcnt[11] ; slowcnt[15]  ; CLKIN      ; CLKIN    ; None                        ; None                      ; 4.597 ns                ;
; N/A                                     ; 198.53 MHz ( period = 5.037 ns )                    ; slowcnt[7]  ; slowcnt[19]  ; CLKIN      ; CLKIN    ; None                        ; None                      ; 4.594 ns                ;
; N/A                                     ; 198.53 MHz ( period = 5.037 ns )                    ; slowcnt[2]  ; slowcnt[15]  ; CLKIN      ; CLKIN    ; None                        ; None                      ; 4.594 ns                ;
; N/A                                     ; 198.61 MHz ( period = 5.035 ns )                    ; slowcnt[9]  ; slowcnt[19]  ; CLKIN      ; CLKIN    ; None                        ; None                      ; 4.592 ns                ;
; N/A                                     ; 198.65 MHz ( period = 5.034 ns )                    ; slowcnt[14] ; slowcnt[15]  ; CLKIN      ; CLKIN    ; None                        ; None                      ; 4.591 ns                ;
; N/A                                     ; 198.81 MHz ( period = 5.030 ns )                    ; slowcnt[5]  ; slowcnt[15]  ; CLKIN      ; CLKIN    ; None                        ; None                      ; 4.587 ns                ;
; N/A                                     ; 198.89 MHz ( period = 5.028 ns )                    ; slowcnt[12] ; slowcnt[19]  ; CLKIN      ; CLKIN    ; None                        ; None                      ; 4.585 ns                ;
; N/A                                     ; 199.20 MHz ( period = 5.020 ns )                    ; slowcnt[1]  ; slowcnt[17]  ; CLKIN      ; CLKIN    ; None                        ; None                      ; 4.577 ns                ;
; N/A                                     ; 199.28 MHz ( period = 5.018 ns )                    ; slowcnt[3]  ; slowcnt[18]  ; CLKIN      ; CLKIN    ; None                        ; None                      ; 4.575 ns                ;
; N/A                                     ; 199.28 MHz ( period = 5.018 ns )                    ; slowcnt[8]  ; slowcnt[15]  ; CLKIN      ; CLKIN    ; None                        ; None                      ; 4.575 ns                ;
; N/A                                     ; 199.44 MHz ( period = 5.014 ns )                    ; slowcnt[10] ; slowcnt[13]  ; CLKIN      ; CLKIN    ; None                        ; None                      ; 4.571 ns                ;
; N/A                                     ; 200.16 MHz ( period = 4.996 ns )                    ; slowcnt[0]  ; slowcnt[12]  ; CLKIN      ; CLKIN    ; None                        ; None                      ; 4.553 ns                ;
; N/A                                     ; 200.84 MHz ( period = 4.979 ns )                    ; slowcnt[3]  ; slowcnt[8]   ; CLKIN      ; CLKIN    ; None                        ; None                      ; 4.536 ns                ;
; N/A                                     ; 201.13 MHz ( period = 4.972 ns )                    ; slowcnt[13] ; slowcnt[17]  ; CLKIN      ; CLKIN    ; None                        ; None                      ; 4.529 ns                ;
; N/A                                     ; 201.17 MHz ( period = 4.971 ns )                    ; slowcnt[0]  ; slowcnt[16]  ; CLKIN      ; CLKIN    ; None                        ; None                      ; 4.528 ns                ;
; N/A                                     ; 201.29 MHz ( period = 4.968 ns )                    ; slowcnt[11] ; slowcnt[17]  ; CLKIN      ; CLKIN    ; None                        ; None                      ; 4.525 ns                ;
; N/A                                     ; 201.33 MHz ( period = 4.967 ns )                    ; slowcnt[4]  ; slowcnt[14]  ; CLKIN      ; CLKIN    ; None                        ; None                      ; 4.524 ns                ;
; N/A                                     ; 201.41 MHz ( period = 4.965 ns )                    ; slowcnt[2]  ; slowcnt[17]  ; CLKIN      ; CLKIN    ; None                        ; None                      ; 4.522 ns                ;
; N/A                                     ; 201.53 MHz ( period = 4.962 ns )                    ; slowcnt[14] ; slowcnt[17]  ; CLKIN      ; CLKIN    ; None                        ; None                      ; 4.519 ns                ;
; N/A                                     ; 201.57 MHz ( period = 4.961 ns )                    ; slowcnt[5]  ; slowcnt[6]   ; CLKIN      ; CLKIN    ; None                        ; None                      ; 4.518 ns                ;
; N/A                                     ; 201.57 MHz ( period = 4.961 ns )                    ; slowcnt[6]  ; slowcnt[12]  ; CLKIN      ; CLKIN    ; None                        ; None                      ; 4.518 ns                ;
; N/A                                     ; 201.69 MHz ( period = 4.958 ns )                    ; slowcnt[5]  ; slowcnt[17]  ; CLKIN      ; CLKIN    ; None                        ; None                      ; 4.515 ns                ;
; N/A                                     ; 202.02 MHz ( period = 4.950 ns )                    ; slowcnt[10] ; slowcnt[15]  ; CLKIN      ; CLKIN    ; None                        ; None                      ; 4.507 ns                ;
; N/A                                     ; 202.14 MHz ( period = 4.947 ns )                    ; slowcnt[7]  ; slowcnt[14]  ; CLKIN      ; CLKIN    ; None                        ; None                      ; 4.504 ns                ;
; N/A                                     ; 202.18 MHz ( period = 4.946 ns )                    ; slowcnt[8]  ; slowcnt[17]  ; CLKIN      ; CLKIN    ; None                        ; None                      ; 4.503 ns                ;
; N/A                                     ; 202.22 MHz ( period = 4.945 ns )                    ; slowcnt[9]  ; slowcnt[14]  ; CLKIN      ; CLKIN    ; None                        ; None                      ; 4.502 ns                ;
; N/A                                     ; 202.59 MHz ( period = 4.936 ns )                    ; slowcnt[6]  ; slowcnt[16]  ; CLKIN      ; CLKIN    ; None                        ; None                      ; 4.493 ns                ;
; N/A                                     ; 202.80 MHz ( period = 4.931 ns )                    ; slowcnt[4]  ; slowcnt[10]  ; CLKIN      ; CLKIN    ; None                        ; None                      ; 4.488 ns                ;
; N/A                                     ; 202.84 MHz ( period = 4.930 ns )                    ; slowcnt[12] ; slowcnt[13]  ; CLKIN      ; CLKIN    ; None                        ; None                      ; 4.487 ns                ;
; N/A                                     ; 203.21 MHz ( period = 4.921 ns )                    ; slowcnt[0]  ; slowcnt[11]  ; CLKIN      ; CLKIN    ; None                        ; None                      ; 4.478 ns                ;
; N/A                                     ; 203.25 MHz ( period = 4.920 ns )                    ; slowcnt[3]  ; slowcnt[7]   ; CLKIN      ; CLKIN    ; None                        ; None                      ; 4.477 ns                ;
; N/A                                     ; 203.29 MHz ( period = 4.919 ns )                    ; slowcnt[8]  ; slowcnt[6]   ; CLKIN      ; CLKIN    ; None                        ; None                      ; 4.476 ns                ;
; N/A                                     ; 203.33 MHz ( period = 4.918 ns )                    ; slowcnt[3]  ; slowcnt[9]   ; CLKIN      ; CLKIN    ; None                        ; None                      ; 4.475 ns                ;
; N/A                                     ; 203.50 MHz ( period = 4.914 ns )                    ; slowcnt[0]  ; slowcnt[4]   ; CLKIN      ; CLKIN    ; None                        ; None                      ; 4.471 ns                ;
; N/A                                     ; 203.58 MHz ( period = 4.912 ns )                    ; slowcnt[3]  ; slowcnt[5]   ; CLKIN      ; CLKIN    ; None                        ; None                      ; 4.469 ns                ;
; N/A                                     ; 203.62 MHz ( period = 4.911 ns )                    ; slowcnt[7]  ; slowcnt[10]  ; CLKIN      ; CLKIN    ; None                        ; None                      ; 4.468 ns                ;
; N/A                                     ; 203.71 MHz ( period = 4.909 ns )                    ; slowcnt[9]  ; slowcnt[10]  ; CLKIN      ; CLKIN    ; None                        ; None                      ; 4.466 ns                ;
; N/A                                     ; 204.12 MHz ( period = 4.899 ns )                    ; slowcnt[1]  ; slowcnt[12]  ; CLKIN      ; CLKIN    ; None                        ; None                      ; 4.456 ns                ;
; N/A                                     ; 204.29 MHz ( period = 4.895 ns )                    ; slowcnt[4]  ; slowcnt[15]  ; CLKIN      ; CLKIN    ; None                        ; None                      ; 4.452 ns                ;
; N/A                                     ; 204.54 MHz ( period = 4.889 ns )                    ; slowcnt[0]  ; slowcnt[18]  ; CLKIN      ; CLKIN    ; None                        ; None                      ; 4.446 ns                ;
; N/A                                     ; 204.67 MHz ( period = 4.886 ns )                    ; slowcnt[6]  ; slowcnt[11]  ; CLKIN      ; CLKIN    ; None                        ; None                      ; 4.443 ns                ;
; N/A                                     ; 205.00 MHz ( period = 4.878 ns )                    ; slowcnt[10] ; slowcnt[17]  ; CLKIN      ; CLKIN    ; None                        ; None                      ; 4.435 ns                ;
; N/A                                     ; 205.13 MHz ( period = 4.875 ns )                    ; slowcnt[7]  ; slowcnt[15]  ; CLKIN      ; CLKIN    ; None                        ; None                      ; 4.432 ns                ;
; N/A                                     ; 205.17 MHz ( period = 4.874 ns )                    ; slowcnt[1]  ; slowcnt[16]  ; CLKIN      ; CLKIN    ; None                        ; None                      ; 4.431 ns                ;
; N/A                                     ; 205.21 MHz ( period = 4.873 ns )                    ; slowcnt[9]  ; slowcnt[15]  ; CLKIN      ; CLKIN    ; None                        ; None                      ; 4.430 ns                ;
; N/A                                     ; 205.51 MHz ( period = 4.866 ns )                    ; slowcnt[12] ; slowcnt[15]  ; CLKIN      ; CLKIN    ; None                        ; None                      ; 4.423 ns                ;
; N/A                                     ; 206.02 MHz ( period = 4.854 ns )                    ; slowcnt[6]  ; slowcnt[18]  ; CLKIN      ; CLKIN    ; None                        ; None                      ; 4.411 ns                ;
; N/A                                     ; 206.10 MHz ( period = 4.852 ns )                    ; slowcnt[15] ; slowcnt[5]   ; CLKIN      ; CLKIN    ; None                        ; None                      ; 4.409 ns                ;
; N/A                                     ; 206.10 MHz ( period = 4.852 ns )                    ; slowcnt[15] ; slowcnt[7]   ; CLKIN      ; CLKIN    ; None                        ; None                      ; 4.409 ns                ;
; N/A                                     ; 206.40 MHz ( period = 4.845 ns )                    ; slowcnt[15] ; slowcnt[0]   ; CLKIN      ; CLKIN    ; None                        ; None                      ; 4.402 ns                ;
; N/A                                     ; 206.44 MHz ( period = 4.844 ns )                    ; slowcnt[15] ; slowcnt[8]   ; CLKIN      ; CLKIN    ; None                        ; None                      ; 4.401 ns                ;
; N/A                                     ; 206.44 MHz ( period = 4.844 ns )                    ; slowcnt[13] ; slowcnt[14]  ; CLKIN      ; CLKIN    ; None                        ; None                      ; 4.401 ns                ;
; N/A                                     ; 206.44 MHz ( period = 4.844 ns )                    ; slowcnt[2]  ; slowcnt[12]  ; CLKIN      ; CLKIN    ; None                        ; None                      ; 4.401 ns                ;
; N/A                                     ; 206.48 MHz ( period = 4.843 ns )                    ; slowcnt[15] ; slowcnt[2]   ; CLKIN      ; CLKIN    ; None                        ; None                      ; 4.400 ns                ;
; N/A                                     ; 206.61 MHz ( period = 4.840 ns )                    ; slowcnt[11] ; slowcnt[14]  ; CLKIN      ; CLKIN    ; None                        ; None                      ; 4.397 ns                ;
; N/A                                     ; 206.74 MHz ( period = 4.837 ns )                    ; slowcnt[5]  ; slowcnt[12]  ; CLKIN      ; CLKIN    ; None                        ; None                      ; 4.394 ns                ;
; N/A                                     ; 207.17 MHz ( period = 4.827 ns )                    ; slowcnt[15] ; slowcnt[19]  ; CLKIN      ; CLKIN    ; None                        ; None                      ; 4.384 ns                ;
; N/A                                     ; 207.21 MHz ( period = 4.826 ns )                    ; slowcnt[13] ; slowcnt[16]  ; CLKIN      ; CLKIN    ; None                        ; None                      ; 4.383 ns                ;
; N/A                                     ; 207.25 MHz ( period = 4.825 ns )                    ; slowcnt[8]  ; slowcnt[12]  ; CLKIN      ; CLKIN    ; None                        ; None                      ; 4.382 ns                ;
; N/A                                     ; 207.30 MHz ( period = 4.824 ns )                    ; slowcnt[1]  ; slowcnt[11]  ; CLKIN      ; CLKIN    ; None                        ; None                      ; 4.381 ns                ;
; N/A                                     ; 207.34 MHz ( period = 4.823 ns )                    ; slowcnt[4]  ; slowcnt[17]  ; CLKIN      ; CLKIN    ; None                        ; None                      ; 4.380 ns                ;
; N/A                                     ; 207.38 MHz ( period = 4.822 ns )                    ; slowcnt[11] ; slowcnt[16]  ; CLKIN      ; CLKIN    ; None                        ; None                      ; 4.379 ns                ;
; N/A                                     ; 207.51 MHz ( period = 4.819 ns )                    ; slowcnt[2]  ; slowcnt[16]  ; CLKIN      ; CLKIN    ; None                        ; None                      ; 4.376 ns                ;
; N/A                                     ; 207.60 MHz ( period = 4.817 ns )                    ; slowcnt[1]  ; slowcnt[4]   ; CLKIN      ; CLKIN    ; None                        ; None                      ; 4.374 ns                ;
; N/A                                     ; 207.64 MHz ( period = 4.816 ns )                    ; slowcnt[14] ; slowcnt[16]  ; CLKIN      ; CLKIN    ; None                        ; None                      ; 4.373 ns                ;
; N/A                                     ; 207.64 MHz ( period = 4.816 ns )                    ; slowcnt[10] ; slowcnt[5]   ; CLKIN      ; CLKIN    ; None                        ; None                      ; 4.373 ns                ;
; N/A                                     ; 207.64 MHz ( period = 4.816 ns )                    ; slowcnt[10] ; slowcnt[7]   ; CLKIN      ; CLKIN    ; None                        ; None                      ; 4.373 ns                ;
; N/A                                     ; 207.81 MHz ( period = 4.812 ns )                    ; slowcnt[5]  ; slowcnt[16]  ; CLKIN      ; CLKIN    ; None                        ; None                      ; 4.369 ns                ;
; N/A                                     ; 207.94 MHz ( period = 4.809 ns )                    ; slowcnt[10] ; slowcnt[0]   ; CLKIN      ; CLKIN    ; None                        ; None                      ; 4.366 ns                ;
; N/A                                     ; 207.99 MHz ( period = 4.808 ns )                    ; slowcnt[10] ; slowcnt[8]   ; CLKIN      ; CLKIN    ; None                        ; None                      ; 4.365 ns                ;
; N/A                                     ; 208.03 MHz ( period = 4.807 ns )                    ; slowcnt[10] ; slowcnt[2]   ; CLKIN      ; CLKIN    ; None                        ; None                      ; 4.364 ns                ;
; N/A                                     ; 208.20 MHz ( period = 4.803 ns )                    ; slowcnt[7]  ; slowcnt[17]  ; CLKIN      ; CLKIN    ; None                        ; None                      ; 4.360 ns                ;
; N/A                                     ; 208.29 MHz ( period = 4.801 ns )                    ; slowcnt[9]  ; slowcnt[17]  ; CLKIN      ; CLKIN    ; None                        ; None                      ; 4.358 ns                ;
; N/A                                     ; 208.33 MHz ( period = 4.800 ns )                    ; slowcnt[8]  ; slowcnt[16]  ; CLKIN      ; CLKIN    ; None                        ; None                      ; 4.357 ns                ;
; N/A                                     ; 208.59 MHz ( period = 4.794 ns )                    ; slowcnt[12] ; slowcnt[17]  ; CLKIN      ; CLKIN    ; None                        ; None                      ; 4.351 ns                ;
; N/A                                     ; 208.59 MHz ( period = 4.794 ns )                    ; slowcnt[16] ; slowcnt[19]  ; CLKIN      ; CLKIN    ; None                        ; None                      ; 4.351 ns                ;
; N/A                                     ; 208.68 MHz ( period = 4.792 ns )                    ; slowcnt[1]  ; slowcnt[18]  ; CLKIN      ; CLKIN    ; None                        ; None                      ; 4.349 ns                ;
; N/A                                     ; 208.81 MHz ( period = 4.789 ns )                    ; slowcnt[0]  ; slowcnt[9]   ; CLKIN      ; CLKIN    ; None                        ; None                      ; 4.346 ns                ;
; N/A                                     ; 209.07 MHz ( period = 4.783 ns )                    ; slowcnt[14] ; CLKSLOW~reg0 ; CLKIN      ; CLKIN    ; None                        ; None                      ; 4.340 ns                ;
; N/A                                     ; 209.16 MHz ( period = 4.781 ns )                    ; slowcnt[14] ; slowcnt[4]   ; CLKIN      ; CLKIN    ; None                        ; None                      ; 4.338 ns                ;
; N/A                                     ; 209.69 MHz ( period = 4.769 ns )                    ; slowcnt[2]  ; slowcnt[11]  ; CLKIN      ; CLKIN    ; None                        ; None                      ; 4.326 ns                ;
; N/A                                     ; 209.95 MHz ( period = 4.763 ns )                    ; slowcnt[2]  ; slowcnt[6]   ; CLKIN      ; CLKIN    ; None                        ; None                      ; 4.320 ns                ;
; N/A                                     ; 210.00 MHz ( period = 4.762 ns )                    ; slowcnt[2]  ; slowcnt[4]   ; CLKIN      ; CLKIN    ; None                        ; None                      ; 4.319 ns                ;
; N/A                                     ; 210.00 MHz ( period = 4.762 ns )                    ; slowcnt[5]  ; slowcnt[11]  ; CLKIN      ; CLKIN    ; None                        ; None                      ; 4.319 ns                ;
; N/A                                     ; 210.13 MHz ( period = 4.759 ns )                    ; slowcnt[3]  ; slowcnt[0]   ; CLKIN      ; CLKIN    ; None                        ; None                      ; 4.316 ns                ;
; N/A                                     ; 210.22 MHz ( period = 4.757 ns )                    ; slowcnt[3]  ; slowcnt[2]   ; CLKIN      ; CLKIN    ; None                        ; None                      ; 4.314 ns                ;
; N/A                                     ; 210.39 MHz ( period = 4.753 ns )                    ; slowcnt[1]  ; slowcnt[8]   ; CLKIN      ; CLKIN    ; None                        ; None                      ; 4.310 ns                ;
; N/A                                     ; 210.53 MHz ( period = 4.750 ns )                    ; slowcnt[8]  ; slowcnt[11]  ; CLKIN      ; CLKIN    ; None                        ; None                      ; 4.307 ns                ;
; N/A                                     ; 210.53 MHz ( period = 4.750 ns )                    ; slowcnt[10] ; slowcnt[14]  ; CLKIN      ; CLKIN    ; None                        ; None                      ; 4.307 ns                ;
; N/A                                     ; 210.57 MHz ( period = 4.749 ns )                    ; slowcnt[13] ; CLKSLOW~reg0 ; CLKIN      ; CLKIN    ; None                        ; None                      ; 4.306 ns                ;
; N/A                                     ; 210.66 MHz ( period = 4.747 ns )                    ; slowcnt[13] ; slowcnt[4]   ; CLKIN      ; CLKIN    ; None                        ; None                      ; 4.304 ns                ;
; N/A                                     ; 210.79 MHz ( period = 4.744 ns )                    ; slowcnt[13] ; slowcnt[18]  ; CLKIN      ; CLKIN    ; None                        ; None                      ; 4.301 ns                ;
; N/A                                     ; 210.97 MHz ( period = 4.740 ns )                    ; slowcnt[11] ; slowcnt[18]  ; CLKIN      ; CLKIN    ; None                        ; None                      ; 4.297 ns                ;
; N/A                                     ; 211.10 MHz ( period = 4.737 ns )                    ; slowcnt[2]  ; slowcnt[18]  ; CLKIN      ; CLKIN    ; None                        ; None                      ; 4.294 ns                ;
; N/A                                     ; 211.24 MHz ( period = 4.734 ns )                    ; slowcnt[14] ; slowcnt[18]  ; CLKIN      ; CLKIN    ; None                        ; None                      ; 4.291 ns                ;
; N/A                                     ; 211.33 MHz ( period = 4.732 ns )                    ; slowcnt[10] ; slowcnt[16]  ; CLKIN      ; CLKIN    ; None                        ; None                      ; 4.289 ns                ;
; N/A                                     ; 211.42 MHz ( period = 4.730 ns )                    ; slowcnt[5]  ; slowcnt[18]  ; CLKIN      ; CLKIN    ; None                        ; None                      ; 4.287 ns                ;
; N/A                                     ; 211.95 MHz ( period = 4.718 ns )                    ; slowcnt[8]  ; slowcnt[18]  ; CLKIN      ; CLKIN    ; None                        ; None                      ; 4.275 ns                ;
; N/A                                     ; 211.95 MHz ( period = 4.718 ns )                    ; slowcnt[17] ; slowcnt[5]   ; CLKIN      ; CLKIN    ; None                        ; None                      ; 4.275 ns                ;
; N/A                                     ; 211.95 MHz ( period = 4.718 ns )                    ; slowcnt[17] ; slowcnt[7]   ; CLKIN      ; CLKIN    ; None                        ; None                      ; 4.275 ns                ;
; N/A                                     ; 212.04 MHz ( period = 4.716 ns )                    ; slowcnt[17] ; slowcnt[6]   ; CLKIN      ; CLKIN    ; None                        ; None                      ; 4.273 ns                ;
; N/A                                     ; 212.22 MHz ( period = 4.712 ns )                    ; slowcnt[17] ; slowcnt[2]   ; CLKIN      ; CLKIN    ; None                        ; None                      ; 4.269 ns                ;
; N/A                                     ; 212.22 MHz ( period = 4.712 ns )                    ; slowcnt[17] ; slowcnt[8]   ; CLKIN      ; CLKIN    ; None                        ; None                      ; 4.269 ns                ;
; N/A                                     ; 212.27 MHz ( period = 4.711 ns )                    ; slowcnt[17] ; slowcnt[0]   ; CLKIN      ; CLKIN    ; None                        ; None                      ; 4.268 ns                ;
; N/A                                     ; 212.68 MHz ( period = 4.702 ns )                    ; slowcnt[4]  ; slowcnt[12]  ; CLKIN      ; CLKIN    ; None                        ; None                      ; 4.259 ns                ;
; N/A                                     ; 212.86 MHz ( period = 4.698 ns )                    ; slowcnt[2]  ; slowcnt[8]   ; CLKIN      ; CLKIN    ; None                        ; None                      ; 4.255 ns                ;
; N/A                                     ; 213.04 MHz ( period = 4.694 ns )                    ; slowcnt[11] ; slowcnt[5]   ; CLKIN      ; CLKIN    ; None                        ; None                      ; 4.251 ns                ;
; N/A                                     ; 213.04 MHz ( period = 4.694 ns )                    ; slowcnt[1]  ; slowcnt[7]   ; CLKIN      ; CLKIN    ; None                        ; None                      ; 4.251 ns                ;
; N/A                                     ; 213.04 MHz ( period = 4.694 ns )                    ; slowcnt[11] ; slowcnt[7]   ; CLKIN      ; CLKIN    ; None                        ; None                      ; 4.251 ns                ;
; N/A                                     ; 213.13 MHz ( period = 4.692 ns )                    ; slowcnt[1]  ; slowcnt[9]   ; CLKIN      ; CLKIN    ; None                        ; None                      ; 4.249 ns                ;
; N/A                                     ; 213.36 MHz ( period = 4.687 ns )                    ; slowcnt[11] ; slowcnt[0]   ; CLKIN      ; CLKIN    ; None                        ; None                      ; 4.244 ns                ;
; N/A                                     ; 213.40 MHz ( period = 4.686 ns )                    ; slowcnt[1]  ; slowcnt[5]   ; CLKIN      ; CLKIN    ; None                        ; None                      ; 4.243 ns                ;
; N/A                                     ; 213.40 MHz ( period = 4.686 ns )                    ; slowcnt[11] ; slowcnt[8]   ; CLKIN      ; CLKIN    ; None                        ; None                      ; 4.243 ns                ;
; N/A                                     ; 213.45 MHz ( period = 4.685 ns )                    ; slowcnt[11] ; slowcnt[2]   ; CLKIN      ; CLKIN    ; None                        ; None                      ; 4.242 ns                ;
; N/A                                     ; 213.58 MHz ( period = 4.682 ns )                    ; slowcnt[7]  ; slowcnt[12]  ; CLKIN      ; CLKIN    ; None                        ; None                      ; 4.239 ns                ;
; N/A                                     ; 213.68 MHz ( period = 4.680 ns )                    ; slowcnt[9]  ; slowcnt[12]  ; CLKIN      ; CLKIN    ; None                        ; None                      ; 4.237 ns                ;
; N/A                                     ; 213.81 MHz ( period = 4.677 ns )                    ; slowcnt[4]  ; slowcnt[16]  ; CLKIN      ; CLKIN    ; None                        ; None                      ; 4.234 ns                ;
; Timing analysis restricted to 200 rows. ; To change the limit use Settings (Assignments menu) ;             ;              ;            ;          ;                             ;                           ;                         ;
+-----------------------------------------+-----------------------------------------------------+-------------+--------------+------------+----------+-----------------------------+---------------------------+-------------------------+


+-------------------------------------------------------------------------+
; tco                                                                     ;
+-------+--------------+------------+--------------+---------+------------+
; Slack ; Required tco ; Actual tco ; From         ; To      ; From Clock ;
+-------+--------------+------------+--------------+---------+------------+
; N/A   ; None         ; 8.351 ns   ; READY~reg0   ; READY   ; CLKIN      ;
; N/A   ; None         ; 6.175 ns   ; CLKSLOW~reg0 ; CLKSLOW ; CLKIN      ;
+-------+--------------+------------+--------------+---------+------------+


+--------------------------+
; Timing Analyzer Messages ;
+--------------------------+
Info: *******************************************************************
Info: Running Quartus II Classic Timing Analyzer
    Info: Version 9.1 Build 350 03/24/2010 Service Pack 2 SJ Web Edition
    Info: Processing started: Fri Apr 11 14:49:12 2025
Info: Command: quartus_tan --read_settings_files=off --write_settings_files=off AA2380_MAXV -c AA2380-MAXV_TSTQ9
Info: Started post-fitting delay annotation
Info: Delay annotation completed successfully
Warning: Found pins functioning as undefined clocks and/or memory enables
    Info: Assuming node "CLKIN" is an undefined clock
Warning: Found 1 node(s) in clock paths which may be acting as ripple and/or gated clocks -- node(s) analyzed as buffer(s) resulting in clock skew
    Info: Detected ripple clock "CLKSLOW~reg0" as buffer
Info: Clock "CLKIN" has Internal fmax of 174.49 MHz between source register "slowcnt[3]" and destination register "slowcnt[13]" (period= 5.731 ns)
    Info: + Longest register to register delay is 5.288 ns
        Info: 1: + IC(0.000 ns) + CELL(0.000 ns) = 0.000 ns; Loc. = LC_X11_Y7_N5; Fanout = 4; REG Node = 'slowcnt[3]'
        Info: 2: + IC(1.613 ns) + CELL(0.467 ns) = 2.080 ns; Loc. = LC_X8_Y6_N3; Fanout = 2; COMB Node = 'Add0~37'
        Info: 3: + IC(0.000 ns) + CELL(0.163 ns) = 2.243 ns; Loc. = LC_X8_Y6_N4; Fanout = 6; COMB Node = 'Add0~42'
        Info: 4: + IC(0.000 ns) + CELL(0.218 ns) = 2.461 ns; Loc. = LC_X8_Y6_N9; Fanout = 6; COMB Node = 'Add0~67'
        Info: 5: + IC(0.000 ns) + CELL(0.771 ns) = 3.232 ns; Loc. = LC_X9_Y6_N3; Fanout = 1; COMB Node = 'Add0~85'
        Info: 6: + IC(1.881 ns) + CELL(0.175 ns) = 5.288 ns; Loc. = LC_X13_Y5_N2; Fanout = 4; REG Node = 'slowcnt[13]'
        Info: Total cell delay = 1.794 ns ( 33.93 % )
        Info: Total interconnect delay = 3.494 ns ( 66.07 % )
    Info: - Smallest clock skew is 0.000 ns
        Info: + Shortest clock path from clock "CLKIN" to destination register is 2.472 ns
            Info: 1: + IC(0.000 ns) + CELL(0.727 ns) = 0.727 ns; Loc. = PIN_J6; Fanout = 21; CLK Node = 'CLKIN'
            Info: 2: + IC(1.171 ns) + CELL(0.574 ns) = 2.472 ns; Loc. = LC_X13_Y5_N2; Fanout = 4; REG Node = 'slowcnt[13]'
            Info: Total cell delay = 1.301 ns ( 52.63 % )
            Info: Total interconnect delay = 1.171 ns ( 47.37 % )
        Info: - Longest clock path from clock "CLKIN" to source register is 2.472 ns
            Info: 1: + IC(0.000 ns) + CELL(0.727 ns) = 0.727 ns; Loc. = PIN_J6; Fanout = 21; CLK Node = 'CLKIN'
            Info: 2: + IC(1.171 ns) + CELL(0.574 ns) = 2.472 ns; Loc. = LC_X11_Y7_N5; Fanout = 4; REG Node = 'slowcnt[3]'
            Info: Total cell delay = 1.301 ns ( 52.63 % )
            Info: Total interconnect delay = 1.171 ns ( 47.37 % )
    Info: + Micro clock to output delay of source is 0.235 ns
    Info: + Micro setup delay of destination is 0.208 ns
Info: tco from clock "CLKIN" to destination pin "READY" through register "READY~reg0" is 8.351 ns
    Info: + Longest clock path from clock "CLKIN" to source register is 6.161 ns
        Info: 1: + IC(0.000 ns) + CELL(0.727 ns) = 0.727 ns; Loc. = PIN_J6; Fanout = 21; CLK Node = 'CLKIN'
        Info: 2: + IC(1.171 ns) + CELL(0.809 ns) = 2.707 ns; Loc. = LC_X9_Y7_N3; Fanout = 13; REG Node = 'CLKSLOW~reg0'
        Info: 3: + IC(2.880 ns) + CELL(0.574 ns) = 6.161 ns; Loc. = LC_X20_Y13_N2; Fanout = 1; REG Node = 'READY~reg0'
        Info: Total cell delay = 2.110 ns ( 34.25 % )
        Info: Total interconnect delay = 4.051 ns ( 65.75 % )
    Info: + Micro clock to output delay of source is 0.235 ns
    Info: + Longest register to pin delay is 1.955 ns
        Info: 1: + IC(0.000 ns) + CELL(0.000 ns) = 0.000 ns; Loc. = LC_X20_Y13_N2; Fanout = 1; REG Node = 'READY~reg0'
        Info: 2: + IC(0.501 ns) + CELL(1.454 ns) = 1.955 ns; Loc. = PIN_D14; Fanout = 0; PIN Node = 'READY'
        Info: Total cell delay = 1.454 ns ( 74.37 % )
        Info: Total interconnect delay = 0.501 ns ( 25.63 % )
Info: Quartus II Classic Timing Analyzer was successful. 0 errors, 2 warnings
    Info: Peak virtual memory: 179 megabytes
    Info: Processing ended: Fri Apr 11 14:49:13 2025
    Info: Elapsed time: 00:00:01
    Info: Total CPU time (on all processors): 00:00:06


