Flow report for LTC2380-24
Thu Apr 03 14:12:53 2025
Quartus II Version 9.1 Build 350 03/24/2010 Service Pack 2 SJ Web Edition


---------------------
; Table of Contents ;
---------------------
  1. Legal Notice
  2. Flow Summary
  3. Flow Settings
  4. Flow Non-Default Global Settings
  5. Flow Elapsed Time
  6. Flow OS Summary
  7. Flow Log



----------------
; Legal Notice ;
----------------
Copyright (C) 1991-2010 Altera Corporation
Your use of Altera Corporation's design tools, logic functions 
and other software and tools, and its AMPP partner logic 
functions, and any output files from any of the foregoing 
(including device programming or simulation files), and any 
associated documentation or information are expressly subject 
to the terms and conditions of the Altera Program License 
Subscription Agreement, Altera MegaCore Function License 
Agreement, or other applicable license agreement, including, 
without limitation, that your use is for the sole purpose of 
programming logic devices manufactured by Altera and sold by 
Altera or its authorized distributors.  Please refer to the 
applicable agreement for further details.



+------------------------------------------------------------------------+
; Flow Summary                                                           ;
+-------------------------+----------------------------------------------+
; Flow Status             ; Successful - Thu Apr 03 14:12:53 2025        ;
; Quartus II Version      ; 9.1 Build 350 03/24/2010 SP 2 SJ Web Edition ;
; Revision Name           ; LTC2380-24                                   ;
; Top-level Entity Name   ; 4LanesRXTX                                   ;
; Family                  ; MAX II                                       ;
; Met timing requirements ; Yes                                          ;
; Total logic elements    ; 85 / 570 ( 15 % )                            ;
; Total pins              ; 63 / 160 ( 39 % )                            ;
; Total virtual pins      ; 0                                            ;
; UFM blocks              ; 0 / 1 ( 0 % )                                ;
; Device                  ; EPM570F256C3                                 ;
; Timing Models           ; Final                                        ;
+-------------------------+----------------------------------------------+


+-----------------------------------------+
; Flow Settings                           ;
+-------------------+---------------------+
; Option            ; Setting             ;
+-------------------+---------------------+
; Start date & time ; 04/03/2025 14:12:48 ;
; Main task         ; Compilation         ;
; Revision Name     ; LTC2380-24          ;
+-------------------+---------------------+


+--------------------------------------------------------------------------------------------------------------------------------------------------------------------------+
; Flow Non-Default Global Settings                                                                                                                                         ;
+------------------------------------+-----------------------------------------------------------------------+------------------------------+-------------+----------------+
; Assignment Name                    ; Value                                                                 ; Default Value                ; Entity Name ; Section Id     ;
+------------------------------------+-----------------------------------------------------------------------+------------------------------+-------------+----------------+
; COMPILER_SIGNATURE_ID              ; 92668497786263.174368236816112                                        ; --                           ; --          ; --             ;
; INCREMENTAL_COMPILATION            ; Off                                                                   ; FULL_INCREMENTAL_COMPILATION ; --          ; --             ;
; IP_TOOL_NAME                       ; LPM_MUX                                                               ; --                           ; --          ; --             ;
; IP_TOOL_NAME                       ; LPM_COUNTER                                                           ; --                           ; --          ; --             ;
; IP_TOOL_VERSION                    ; 9.1                                                                   ; --                           ; --          ; --             ;
; IP_TOOL_VERSION                    ; 9.1                                                                   ; --                           ; --          ; --             ;
; MAXII_OPTIMIZATION_TECHNIQUE       ; Speed                                                                 ; Balanced                     ; --          ; --             ;
; MISC_FILE                          ; AA2380/AA2380_SPItoSPDIF.dpf                                          ; --                           ; --          ; --             ;
; MISC_FILE                          ; C:/altera/91sp2/quartus/bin/EPM570_I2S_generator/LTC2380-24.dpf       ; --                           ; --          ; --             ;
; MISC_FILE                          ; C:/Altera/91sp2/quartus/bin/EPM570_I2S_generator/LTC2380-24.dpf       ; --                           ; --          ; --             ;
; MISC_FILE                          ; C:/altera/91sp2/quartus/bin/EPM570_I2S_generator_v1.1/LTC2380-24.dpf  ; --                           ; --          ; --             ;
; MISC_FILE                          ; C:/altera/91sp2/quartus/bin/EPM570_I2S_generator_v1.12/LTC2380-24.dpf ; --                           ; --          ; --             ;
; MISC_FILE                          ; D:/Quartus/9.1/EPM570_I2S_generator_v1.13/LTC2380-24.dpf              ; --                           ; --          ; --             ;
; MISC_FILE                          ; Mux4_1.bsf                                                            ; --                           ; --          ; --             ;
; MISC_FILE                          ; Mux4_1.inc                                                            ; --                           ; --          ; --             ;
; MISC_FILE                          ; Counter7bitsup.bsf                                                    ; --                           ; --          ; --             ;
; MISC_FILE                          ; Counter7bitsup.inc                                                    ; --                           ; --          ; --             ;
; SEARCH_PATH                        ; c:\altera\91sp2\quartus\bin\epm570_i2s_generator_v1.1                 ; --                           ; --          ; --             ;
; SEARCH_PATH                        ; c:\altera\91sp2\quartus\bin\epm570_i2s_generator_v1.0                 ; --                           ; --          ; --             ;
; TOP_LEVEL_ENTITY                   ; 4LanesRXTX                                                            ; LTC2380-24                   ; --          ; --             ;
; USE_GENERATED_PHYSICAL_CONSTRAINTS ; Off                                                                   ; --                           ; --          ; eda_blast_fpga ;
+------------------------------------+-----------------------------------------------------------------------+------------------------------+-------------+----------------+


+-----------------------------------------------------------------------------------------------------------------------------+
; Flow Elapsed Time                                                                                                           ;
+-------------------------+--------------+-------------------------+---------------------+------------------------------------+
; Module Name             ; Elapsed Time ; Average Processors Used ; Peak Virtual Memory ; Total CPU Time (on all processors) ;
+-------------------------+--------------+-------------------------+---------------------+------------------------------------+
; Analysis & Synthesis    ; 00:00:01     ; 1.0                     ; 253 MB              ; 00:00:02                           ;
; Fitter                  ; 00:00:01     ; 1.0                     ; 217 MB              ; 00:00:02                           ;
; Assembler               ; 00:00:00     ; 1.0                     ; 193 MB              ; 00:00:00                           ;
; Classic Timing Analyzer ; 00:00:00     ; 1.0                     ; 164 MB              ; 00:00:00                           ;
; Total                   ; 00:00:02     ; --                      ; --                  ; 00:00:04                           ;
+-------------------------+--------------+-------------------------+---------------------+------------------------------------+


+------------------------------------------------------------------------------------------+
; Flow OS Summary                                                                          ;
+-------------------------+------------------+---------------+------------+----------------+
; Module Name             ; Machine Hostname ; OS Name       ; OS Version ; Processor type ;
+-------------------------+------------------+---------------+------------+----------------+
; Analysis & Synthesis    ; ON-PC-4          ; Windows Vista ; 6.2        ; x86_64         ;
; Fitter                  ; ON-PC-4          ; Windows Vista ; 6.2        ; x86_64         ;
; Assembler               ; ON-PC-4          ; Windows Vista ; 6.2        ; x86_64         ;
; Classic Timing Analyzer ; ON-PC-4          ; Windows Vista ; 6.2        ; x86_64         ;
+-------------------------+------------------+---------------+------------+----------------+


------------
; Flow Log ;
------------
quartus_map --read_settings_files=on --write_settings_files=off LTC2380-24 -c LTC2380-24
quartus_fit --read_settings_files=off --write_settings_files=off LTC2380-24 -c LTC2380-24
quartus_asm --read_settings_files=off --write_settings_files=off LTC2380-24 -c LTC2380-24
quartus_tan --read_settings_files=off --write_settings_files=off LTC2380-24 -c LTC2380-24



